This is pdfTeX, Version 3.14159265-2.6-1.40.16 (TeX Live 2015) (preloaded format=pdflatex 2015.5.24)  10 DEC 2015 10:16
entering extended mode
 restricted \write18 enabled.
 %&-line parsing enabled.
**\input PhdThesis.tex
(./PhdThesis.tex (/usr/local/texlive/2015/texmf-dist/tex/latex/base/book.cls
Document Class: book 2014/09/29 v1.4h Standard LaTeX document class
(/usr/local/texlive/2015/texmf-dist/tex/latex/base/bk12.clo
File: bk12.clo 2014/09/29 v1.4h Standard LaTeX file (size option)
)
\c@part=\count79
\c@chapter=\count80
\c@section=\count81
\c@subsection=\count82
\c@subsubsection=\count83
\c@paragraph=\count84
\c@subparagraph=\count85
\c@figure=\count86
\c@table=\count87
\abovecaptionskip=\skip41
\belowcaptionskip=\skip42
\bibindent=\dimen102
)
(/usr/local/texlive/2015/texmf-dist/tex/latex/import/import.sty
Package: import 2009/03/23  v 5.1
) (./thesis.sty
Package: thesis 

(/usr/local/texlive/2015/texmf-dist/tex/latex/amsmath/amsmath.sty
Package: amsmath 2013/01/14 v2.14 AMS math features
\@mathmargin=\skip43

For additional information on amsmath, use the `?' option.
(/usr/local/texlive/2015/texmf-dist/tex/latex/amsmath/amstext.sty
Package: amstext 2000/06/29 v2.01

(/usr/local/texlive/2015/texmf-dist/tex/latex/amsmath/amsgen.sty
File: amsgen.sty 1999/11/30 v2.0
\@emptytoks=\toks14
\ex@=\dimen103
))
(/usr/local/texlive/2015/texmf-dist/tex/latex/amsmath/amsbsy.sty
Package: amsbsy 1999/11/29 v1.2d
\pmbraise@=\dimen104
)
(/usr/local/texlive/2015/texmf-dist/tex/latex/amsmath/amsopn.sty
Package: amsopn 1999/12/14 v2.01 operator names
)
\inf@bad=\count88
LaTeX Info: Redefining \frac on input line 210.
\uproot@=\count89
\leftroot@=\count90
LaTeX Info: Redefining \overline on input line 306.
\classnum@=\count91
\DOTSCASE@=\count92
LaTeX Info: Redefining \ldots on input line 378.
LaTeX Info: Redefining \dots on input line 381.
LaTeX Info: Redefining \cdots on input line 466.
\Mathstrutbox@=\box26
\strutbox@=\box27
\big@size=\dimen105
LaTeX Font Info:    Redeclaring font encoding OML on input line 566.
LaTeX Font Info:    Redeclaring font encoding OMS on input line 567.
\macc@depth=\count93
\c@MaxMatrixCols=\count94
\dotsspace@=\muskip10
\c@parentequation=\count95
\dspbrk@lvl=\count96
\tag@help=\toks15
\row@=\count97
\column@=\count98
\maxfields@=\count99
\andhelp@=\toks16
\eqnshift@=\dimen106
\alignsep@=\dimen107
\tagshift@=\dimen108
\tagwidth@=\dimen109
\totwidth@=\dimen110
\lineht@=\dimen111
\@envbody=\toks17
\multlinegap=\skip44
\multlinetaggap=\skip45
\mathdisplay@stack=\toks18
LaTeX Info: Redefining \[ on input line 2665.
LaTeX Info: Redefining \] on input line 2666.
)
(/usr/local/texlive/2015/texmf-dist/tex/latex/amsfonts/amsfonts.sty
Package: amsfonts 2013/01/14 v3.01 Basic AMSFonts support
\symAMSa=\mathgroup4
\symAMSb=\mathgroup5
LaTeX Font Info:    Overwriting math alphabet `\mathfrak' in version `bold'
(Font)                  U/euf/m/n --> U/euf/b/n on input line 106.
)
(/usr/local/texlive/2015/texmf-dist/tex/latex/amsfonts/amssymb.sty
Package: amssymb 2013/01/14 v3.01 AMS font symbols
)
(/usr/local/texlive/2015/texmf-dist/tex/latex/base/inputenc.sty
Package: inputenc 2015/03/17 v1.2c Input encoding file
\inpenc@prehook=\toks19
\inpenc@posthook=\toks20

(/usr/local/texlive/2015/texmf-dist/tex/latex/base/latin1.def
File: latin1.def 2015/03/17 v1.2c Input encoding file
))
(/usr/local/texlive/2015/texmf-dist/tex/generic/babel/babel.sty
Package: babel 2014/09/25 3.9l The Babel package

(/usr/local/texlive/2015/texmf-dist/tex/generic/babel-english/english.ldf
Language: english 2012/08/20 v3.3p English support from the babel system

(/usr/local/texlive/2015/texmf-dist/tex/generic/babel/babel.def
File: babel.def 2014/09/25 3.9l Babel common definitions
\babel@savecnt=\count100
\U@D=\dimen112
)
\l@canadian = a dialect from \language\l@american 
\l@australian = a dialect from \language\l@british 
\l@newzealand = a dialect from \language\l@british 
))
(/usr/local/texlive/2015/texmf-dist/tex/latex/graphics/graphicx.sty
Package: graphicx 2014/10/28 v1.0g Enhanced LaTeX Graphics (DPC,SPQR)

(/usr/local/texlive/2015/texmf-dist/tex/latex/graphics/keyval.sty
Package: keyval 2014/10/28 v1.15 key=value parser (DPC)
\KV@toks@=\toks21
)
(/usr/local/texlive/2015/texmf-dist/tex/latex/graphics/graphics.sty
Package: graphics 2014/10/28 v1.0p Standard LaTeX Graphics (DPC,SPQR)

(/usr/local/texlive/2015/texmf-dist/tex/latex/graphics/trig.sty
Package: trig 1999/03/16 v1.09 sin cos tan (DPC)
)
(/usr/local/texlive/2015/texmf-dist/tex/latex/latexconfig/graphics.cfg
File: graphics.cfg 2010/04/23 v1.9 graphics configuration of TeX Live
)
Package graphics Info: Driver file: pdftex.def on input line 94.

(/usr/local/texlive/2015/texmf-dist/tex/latex/pdftex-def/pdftex.def
File: pdftex.def 2011/05/27 v0.06d Graphics/color for pdfTeX

(/usr/local/texlive/2015/texmf-dist/tex/generic/oberdiek/infwarerr.sty
Package: infwarerr 2010/04/08 v1.3 Providing info/warning/error messages (HO)
)
(/usr/local/texlive/2015/texmf-dist/tex/generic/oberdiek/ltxcmds.sty
Package: ltxcmds 2011/11/09 v1.22 LaTeX kernel commands for general use (HO)
)
\Gread@gobject=\count101
))
\Gin@req@height=\dimen113
\Gin@req@width=\dimen114
)
(/usr/local/texlive/2015/texmf-dist/tex/latex/blindtext/blindtext.sty
Package: blindtext 2012/01/06 V2.0 blindtext-Package

(/usr/local/texlive/2015/texmf-dist/tex/latex/tools/xspace.sty
Package: xspace 2014/10/28 v1.13 Space after command names (DPC,MH)
)
\c@blindtext=\count102
\c@Blindtext=\count103
\c@blind@countparstart=\count104
\blind@countxx=\count105
\blindtext@numBlindtext=\count106
\blind@countyy=\count107
\c@blindlist=\count108
\c@blindlistlevel=\count109
\c@blindlist@level=\count110
\blind@listitem=\count111
\c@blind@listcount=\count112
\c@blind@levelcount=\count113
\blind@mathformula=\count114
\blind@Mathformula=\count115
\c@blind@randomcount=\count116
\c@blind@randommax=\count117
\c@blind@pangramcount=\count118
\c@blind@pangrammax=\count119
)
(/usr/local/texlive/2015/texmf-dist/tex/latex/base/textcomp.sty
Package: textcomp 2005/09/27 v1.99g Standard LaTeX package
Package textcomp Info: Sub-encoding information:
(textcomp)               5 = only ISO-Adobe without \textcurrency
(textcomp)               4 = 5 + \texteuro
(textcomp)               3 = 4 + \textohm
(textcomp)               2 = 3 + \textestimated + \textcurrency
(textcomp)               1 = TS1 - \textcircled - \t
(textcomp)               0 = TS1 (full)
(textcomp)             Font families with sub-encoding setting implement
(textcomp)             only a restricted character set as indicated.
(textcomp)             Family '?' is the default used for unknown fonts.
(textcomp)             See the documentation for details.
Package textcomp Info: Setting ? sub-encoding to TS1/1 on input line 79.

(/usr/local/texlive/2015/texmf-dist/tex/latex/base/ts1enc.def
File: ts1enc.def 2001/06/05 v3.0e (jk/car/fm) Standard LaTeX file
)
LaTeX Info: Redefining \oldstylenums on input line 334.
Package textcomp Info: Setting cmr sub-encoding to TS1/0 on input line 349.
Package textcomp Info: Setting cmss sub-encoding to TS1/0 on input line 350.
Package textcomp Info: Setting cmtt sub-encoding to TS1/0 on input line 351.
Package textcomp Info: Setting cmvtt sub-encoding to TS1/0 on input line 352.
Package textcomp Info: Setting cmbr sub-encoding to TS1/0 on input line 353.
Package textcomp Info: Setting cmtl sub-encoding to TS1/0 on input line 354.
Package textcomp Info: Setting ccr sub-encoding to TS1/0 on input line 355.
Package textcomp Info: Setting ptm sub-encoding to TS1/4 on input line 356.
Package textcomp Info: Setting pcr sub-encoding to TS1/4 on input line 357.
Package textcomp Info: Setting phv sub-encoding to TS1/4 on input line 358.
Package textcomp Info: Setting ppl sub-encoding to TS1/3 on input line 359.
Package textcomp Info: Setting pag sub-encoding to TS1/4 on input line 360.
Package textcomp Info: Setting pbk sub-encoding to TS1/4 on input line 361.
Package textcomp Info: Setting pnc sub-encoding to TS1/4 on input line 362.
Package textcomp Info: Setting pzc sub-encoding to TS1/4 on input line 363.
Package textcomp Info: Setting bch sub-encoding to TS1/4 on input line 364.
Package textcomp Info: Setting put sub-encoding to TS1/5 on input line 365.
Package textcomp Info: Setting uag sub-encoding to TS1/5 on input line 366.
Package textcomp Info: Setting ugq sub-encoding to TS1/5 on input line 367.
Package textcomp Info: Setting ul8 sub-encoding to TS1/4 on input line 368.
Package textcomp Info: Setting ul9 sub-encoding to TS1/4 on input line 369.
Package textcomp Info: Setting augie sub-encoding to TS1/5 on input line 370.
Package textcomp Info: Setting dayrom sub-encoding to TS1/3 on input line 371.
Package textcomp Info: Setting dayroms sub-encoding to TS1/3 on input line 372.

Package textcomp Info: Setting pxr sub-encoding to TS1/0 on input line 373.
Package textcomp Info: Setting pxss sub-encoding to TS1/0 on input line 374.
Package textcomp Info: Setting pxtt sub-encoding to TS1/0 on input line 375.
Package textcomp Info: Setting txr sub-encoding to TS1/0 on input line 376.
Package textcomp Info: Setting txss sub-encoding to TS1/0 on input line 377.
Package textcomp Info: Setting txtt sub-encoding to TS1/0 on input line 378.
Package textcomp Info: Setting lmr sub-encoding to TS1/0 on input line 379.
Package textcomp Info: Setting lmdh sub-encoding to TS1/0 on input line 380.
Package textcomp Info: Setting lmss sub-encoding to TS1/0 on input line 381.
Package textcomp Info: Setting lmssq sub-encoding to TS1/0 on input line 382.
Package textcomp Info: Setting lmvtt sub-encoding to TS1/0 on input line 383.
Package textcomp Info: Setting lmtt sub-encoding to TS1/0 on input line 384.
Package textcomp Info: Setting qhv sub-encoding to TS1/0 on input line 385.
Package textcomp Info: Setting qag sub-encoding to TS1/0 on input line 386.
Package textcomp Info: Setting qbk sub-encoding to TS1/0 on input line 387.
Package textcomp Info: Setting qcr sub-encoding to TS1/0 on input line 388.
Package textcomp Info: Setting qcs sub-encoding to TS1/0 on input line 389.
Package textcomp Info: Setting qpl sub-encoding to TS1/0 on input line 390.
Package textcomp Info: Setting qtm sub-encoding to TS1/0 on input line 391.
Package textcomp Info: Setting qzc sub-encoding to TS1/0 on input line 392.
Package textcomp Info: Setting qhvc sub-encoding to TS1/0 on input line 393.
Package textcomp Info: Setting futs sub-encoding to TS1/4 on input line 394.
Package textcomp Info: Setting futx sub-encoding to TS1/4 on input line 395.
Package textcomp Info: Setting futj sub-encoding to TS1/4 on input line 396.
Package textcomp Info: Setting hlh sub-encoding to TS1/3 on input line 397.
Package textcomp Info: Setting hls sub-encoding to TS1/3 on input line 398.
Package textcomp Info: Setting hlst sub-encoding to TS1/3 on input line 399.
Package textcomp Info: Setting hlct sub-encoding to TS1/5 on input line 400.
Package textcomp Info: Setting hlx sub-encoding to TS1/5 on input line 401.
Package textcomp Info: Setting hlce sub-encoding to TS1/5 on input line 402.
Package textcomp Info: Setting hlcn sub-encoding to TS1/5 on input line 403.
Package textcomp Info: Setting hlcw sub-encoding to TS1/5 on input line 404.
Package textcomp Info: Setting hlcf sub-encoding to TS1/5 on input line 405.
Package textcomp Info: Setting pplx sub-encoding to TS1/3 on input line 406.
Package textcomp Info: Setting pplj sub-encoding to TS1/3 on input line 407.
Package textcomp Info: Setting ptmx sub-encoding to TS1/4 on input line 408.
Package textcomp Info: Setting ptmj sub-encoding to TS1/4 on input line 409.
)
(/usr/local/texlive/2015/texmf-dist/tex/latex/pgfplots/pgfplots.sty
(/usr/local/texlive/2015/texmf-dist/tex/generic/pgfplots/pgfplots.revision.tex)
Package: pgfplots 2015/05/02 v1.12.1 Data Visualization (1.12.1)
(/usr/local/texlive/2015/texmf-dist/tex/latex/pgf/frontendlayer/tikz.sty
(/usr/local/texlive/2015/texmf-dist/tex/latex/pgf/basiclayer/pgf.sty
(/usr/local/texlive/2015/texmf-dist/tex/latex/pgf/utilities/pgfrcs.sty
(/usr/local/texlive/2015/texmf-dist/tex/generic/pgf/utilities/pgfutil-common.te
x
\pgfutil@everybye=\toks22
\pgfutil@tempdima=\dimen115
\pgfutil@tempdimb=\dimen116

(/usr/local/texlive/2015/texmf-dist/tex/generic/pgf/utilities/pgfutil-common-li
sts.tex))
(/usr/local/texlive/2015/texmf-dist/tex/generic/pgf/utilities/pgfutil-latex.def
\pgfutil@abb=\box28
(/usr/local/texlive/2015/texmf-dist/tex/latex/ms/everyshi.sty
Package: everyshi 2001/05/15 v3.00 EveryShipout Package (MS)
))
(/usr/local/texlive/2015/texmf-dist/tex/generic/pgf/utilities/pgfrcs.code.tex
Package: pgfrcs 2013/12/20 v3.0.0 (rcs-revision 1.28)
))
Package: pgf 2013/12/18 v3.0.0 (rcs-revision 1.14)
(/usr/local/texlive/2015/texmf-dist/tex/latex/pgf/basiclayer/pgfcore.sty
(/usr/local/texlive/2015/texmf-dist/tex/latex/pgf/systemlayer/pgfsys.sty
(/usr/local/texlive/2015/texmf-dist/tex/generic/pgf/systemlayer/pgfsys.code.tex
Package: pgfsys 2013/11/30 v3.0.0 (rcs-revision 1.47)
(/usr/local/texlive/2015/texmf-dist/tex/generic/pgf/utilities/pgfkeys.code.tex
\pgfkeys@pathtoks=\toks23
\pgfkeys@temptoks=\toks24

(/usr/local/texlive/2015/texmf-dist/tex/generic/pgf/utilities/pgfkeysfiltered.c
ode.tex
\pgfkeys@tmptoks=\toks25
))
\pgf@x=\dimen117
\pgf@y=\dimen118
\pgf@xa=\dimen119
\pgf@ya=\dimen120
\pgf@xb=\dimen121
\pgf@yb=\dimen122
\pgf@xc=\dimen123
\pgf@yc=\dimen124
\w@pgf@writea=\write3
\r@pgf@reada=\read1
\c@pgf@counta=\count120
\c@pgf@countb=\count121
\c@pgf@countc=\count122
\c@pgf@countd=\count123
\t@pgf@toka=\toks26
\t@pgf@tokb=\toks27
\t@pgf@tokc=\toks28

(/usr/local/texlive/2015/texmf-dist/tex/generic/pgf/systemlayer/pgf.cfg
File: pgf.cfg 2008/05/14  (rcs-revision 1.7)
)
Driver file for pgf: pgfsys-pdftex.def

(/usr/local/texlive/2015/texmf-dist/tex/generic/pgf/systemlayer/pgfsys-pdftex.d
ef
File: pgfsys-pdftex.def 2013/07/18  (rcs-revision 1.33)

(/usr/local/texlive/2015/texmf-dist/tex/generic/pgf/systemlayer/pgfsys-common-p
df.def
File: pgfsys-common-pdf.def 2013/10/10  (rcs-revision 1.13)
)))
(/usr/local/texlive/2015/texmf-dist/tex/generic/pgf/systemlayer/pgfsyssoftpath.
code.tex
File: pgfsyssoftpath.code.tex 2013/09/09  (rcs-revision 1.9)
\pgfsyssoftpath@smallbuffer@items=\count124
\pgfsyssoftpath@bigbuffer@items=\count125
)
(/usr/local/texlive/2015/texmf-dist/tex/generic/pgf/systemlayer/pgfsysprotocol.
code.tex
File: pgfsysprotocol.code.tex 2006/10/16  (rcs-revision 1.4)
)) (/usr/local/texlive/2015/texmf-dist/tex/latex/xcolor/xcolor.sty
Package: xcolor 2007/01/21 v2.11 LaTeX color extensions (UK)

(/usr/local/texlive/2015/texmf-dist/tex/latex/latexconfig/color.cfg
File: color.cfg 2007/01/18 v1.5 color configuration of teTeX/TeXLive
)
Package xcolor Info: Driver file: pdftex.def on input line 225.
Package xcolor Info: Model `cmy' substituted by `cmy0' on input line 1337.
Package xcolor Info: Model `hsb' substituted by `rgb' on input line 1341.
Package xcolor Info: Model `RGB' extended on input line 1353.
Package xcolor Info: Model `HTML' substituted by `rgb' on input line 1355.
Package xcolor Info: Model `Hsb' substituted by `hsb' on input line 1356.
Package xcolor Info: Model `tHsb' substituted by `hsb' on input line 1357.
Package xcolor Info: Model `HSB' substituted by `hsb' on input line 1358.
Package xcolor Info: Model `Gray' substituted by `gray' on input line 1359.
Package xcolor Info: Model `wave' substituted by `hsb' on input line 1360.
)
(/usr/local/texlive/2015/texmf-dist/tex/generic/pgf/basiclayer/pgfcore.code.tex
Package: pgfcore 2010/04/11 v3.0.0 (rcs-revision 1.7)
(/usr/local/texlive/2015/texmf-dist/tex/generic/pgf/math/pgfmath.code.tex
(/usr/local/texlive/2015/texmf-dist/tex/generic/pgf/math/pgfmathcalc.code.tex
(/usr/local/texlive/2015/texmf-dist/tex/generic/pgf/math/pgfmathutil.code.tex)
(/usr/local/texlive/2015/texmf-dist/tex/generic/pgf/math/pgfmathparser.code.tex
\pgfmath@dimen=\dimen125
\pgfmath@count=\count126
\pgfmath@box=\box29
\pgfmath@toks=\toks29
\pgfmath@stack@operand=\toks30
\pgfmath@stack@operation=\toks31
)
(/usr/local/texlive/2015/texmf-dist/tex/generic/pgf/math/pgfmathfunctions.code.
tex
(/usr/local/texlive/2015/texmf-dist/tex/generic/pgf/math/pgfmathfunctions.basic
.code.tex)
(/usr/local/texlive/2015/texmf-dist/tex/generic/pgf/math/pgfmathfunctions.trigo
nometric.code.tex)
(/usr/local/texlive/2015/texmf-dist/tex/generic/pgf/math/pgfmathfunctions.rando
m.code.tex)
(/usr/local/texlive/2015/texmf-dist/tex/generic/pgf/math/pgfmathfunctions.compa
rison.code.tex)
(/usr/local/texlive/2015/texmf-dist/tex/generic/pgf/math/pgfmathfunctions.base.
code.tex)
(/usr/local/texlive/2015/texmf-dist/tex/generic/pgf/math/pgfmathfunctions.round
.code.tex)
(/usr/local/texlive/2015/texmf-dist/tex/generic/pgf/math/pgfmathfunctions.misc.
code.tex)
(/usr/local/texlive/2015/texmf-dist/tex/generic/pgf/math/pgfmathfunctions.integ
erarithmetics.code.tex)))
(/usr/local/texlive/2015/texmf-dist/tex/generic/pgf/math/pgfmathfloat.code.tex
\c@pgfmathroundto@lastzeros=\count127
))
(/usr/local/texlive/2015/texmf-dist/tex/generic/pgf/basiclayer/pgfcorepoints.co
de.tex
File: pgfcorepoints.code.tex 2013/10/07  (rcs-revision 1.27)
\pgf@picminx=\dimen126
\pgf@picmaxx=\dimen127
\pgf@picminy=\dimen128
\pgf@picmaxy=\dimen129
\pgf@pathminx=\dimen130
\pgf@pathmaxx=\dimen131
\pgf@pathminy=\dimen132
\pgf@pathmaxy=\dimen133
\pgf@xx=\dimen134
\pgf@xy=\dimen135
\pgf@yx=\dimen136
\pgf@yy=\dimen137
\pgf@zx=\dimen138
\pgf@zy=\dimen139
)
(/usr/local/texlive/2015/texmf-dist/tex/generic/pgf/basiclayer/pgfcorepathconst
ruct.code.tex
File: pgfcorepathconstruct.code.tex 2013/10/07  (rcs-revision 1.29)
\pgf@path@lastx=\dimen140
\pgf@path@lasty=\dimen141
)
(/usr/local/texlive/2015/texmf-dist/tex/generic/pgf/basiclayer/pgfcorepathusage
.code.tex
File: pgfcorepathusage.code.tex 2013/12/13  (rcs-revision 1.23)
\pgf@shorten@end@additional=\dimen142
\pgf@shorten@start@additional=\dimen143
)
(/usr/local/texlive/2015/texmf-dist/tex/generic/pgf/basiclayer/pgfcorescopes.co
de.tex
File: pgfcorescopes.code.tex 2013/10/09  (rcs-revision 1.44)
\pgfpic=\box30
\pgf@hbox=\box31
\pgf@layerbox@main=\box32
\pgf@picture@serial@count=\count128
)
(/usr/local/texlive/2015/texmf-dist/tex/generic/pgf/basiclayer/pgfcoregraphicst
ate.code.tex
File: pgfcoregraphicstate.code.tex 2013/09/19  (rcs-revision 1.11)
\pgflinewidth=\dimen144
)
(/usr/local/texlive/2015/texmf-dist/tex/generic/pgf/basiclayer/pgfcoretransform
ations.code.tex
File: pgfcoretransformations.code.tex 2013/10/10  (rcs-revision 1.17)
\pgf@pt@x=\dimen145
\pgf@pt@y=\dimen146
\pgf@pt@temp=\dimen147
)
(/usr/local/texlive/2015/texmf-dist/tex/generic/pgf/basiclayer/pgfcorequick.cod
e.tex
File: pgfcorequick.code.tex 2008/10/09  (rcs-revision 1.3)
)
(/usr/local/texlive/2015/texmf-dist/tex/generic/pgf/basiclayer/pgfcoreobjects.c
ode.tex
File: pgfcoreobjects.code.tex 2006/10/11  (rcs-revision 1.2)
)
(/usr/local/texlive/2015/texmf-dist/tex/generic/pgf/basiclayer/pgfcorepathproce
ssing.code.tex
File: pgfcorepathprocessing.code.tex 2013/09/09  (rcs-revision 1.9)
)
(/usr/local/texlive/2015/texmf-dist/tex/generic/pgf/basiclayer/pgfcorearrows.co
de.tex
File: pgfcorearrows.code.tex 2013/11/07  (rcs-revision 1.40)
\pgfarrowsep=\dimen148
)
(/usr/local/texlive/2015/texmf-dist/tex/generic/pgf/basiclayer/pgfcoreshade.cod
e.tex
File: pgfcoreshade.code.tex 2013/07/15  (rcs-revision 1.15)
\pgf@max=\dimen149
\pgf@sys@shading@range@num=\count129
)
(/usr/local/texlive/2015/texmf-dist/tex/generic/pgf/basiclayer/pgfcoreimage.cod
e.tex
File: pgfcoreimage.code.tex 2013/07/15  (rcs-revision 1.18)

(/usr/local/texlive/2015/texmf-dist/tex/generic/pgf/basiclayer/pgfcoreexternal.
code.tex
File: pgfcoreexternal.code.tex 2013/07/15  (rcs-revision 1.20)
\pgfexternal@startupbox=\box33
))
(/usr/local/texlive/2015/texmf-dist/tex/generic/pgf/basiclayer/pgfcorelayers.co
de.tex
File: pgfcorelayers.code.tex 2013/07/18  (rcs-revision 1.7)
)
(/usr/local/texlive/2015/texmf-dist/tex/generic/pgf/basiclayer/pgfcoretranspare
ncy.code.tex
File: pgfcoretransparency.code.tex 2013/09/30  (rcs-revision 1.5)
)
(/usr/local/texlive/2015/texmf-dist/tex/generic/pgf/basiclayer/pgfcorepatterns.
code.tex
File: pgfcorepatterns.code.tex 2013/11/07  (rcs-revision 1.5)
)))
(/usr/local/texlive/2015/texmf-dist/tex/generic/pgf/modules/pgfmoduleshapes.cod
e.tex
File: pgfmoduleshapes.code.tex 2013/10/31  (rcs-revision 1.34)
\pgfnodeparttextbox=\box34
)
(/usr/local/texlive/2015/texmf-dist/tex/generic/pgf/modules/pgfmoduleplot.code.
tex
File: pgfmoduleplot.code.tex 2013/07/31  (rcs-revision 1.12)
)
(/usr/local/texlive/2015/texmf-dist/tex/latex/pgf/compatibility/pgfcomp-version
-0-65.sty
Package: pgfcomp-version-0-65 2007/07/03 v3.0.0 (rcs-revision 1.7)
\pgf@nodesepstart=\dimen150
\pgf@nodesepend=\dimen151
)
(/usr/local/texlive/2015/texmf-dist/tex/latex/pgf/compatibility/pgfcomp-version
-1-18.sty
Package: pgfcomp-version-1-18 2007/07/23 v3.0.0 (rcs-revision 1.1)
))
(/usr/local/texlive/2015/texmf-dist/tex/latex/pgf/utilities/pgffor.sty
(/usr/local/texlive/2015/texmf-dist/tex/latex/pgf/utilities/pgfkeys.sty
(/usr/local/texlive/2015/texmf-dist/tex/generic/pgf/utilities/pgfkeys.code.tex)
) (/usr/local/texlive/2015/texmf-dist/tex/latex/pgf/math/pgfmath.sty
(/usr/local/texlive/2015/texmf-dist/tex/generic/pgf/math/pgfmath.code.tex))
(/usr/local/texlive/2015/texmf-dist/tex/generic/pgf/utilities/pgffor.code.tex
Package: pgffor 2013/12/13 v3.0.0 (rcs-revision 1.25)

(/usr/local/texlive/2015/texmf-dist/tex/generic/pgf/math/pgfmath.code.tex)
\pgffor@iter=\dimen152
\pgffor@skip=\dimen153
\pgffor@stack=\toks32
\pgffor@toks=\toks33
))
(/usr/local/texlive/2015/texmf-dist/tex/generic/pgf/frontendlayer/tikz/tikz.cod
e.tex
Package: tikz 2013/12/13 v3.0.0 (rcs-revision 1.142)

(/usr/local/texlive/2015/texmf-dist/tex/generic/pgf/libraries/pgflibraryplothan
dlers.code.tex
File: pgflibraryplothandlers.code.tex 2013/08/31 v3.0.0 (rcs-revision 1.20)
\pgf@plot@mark@count=\count130
\pgfplotmarksize=\dimen154
)
\tikz@lastx=\dimen155
\tikz@lasty=\dimen156
\tikz@lastxsaved=\dimen157
\tikz@lastysaved=\dimen158
\tikzleveldistance=\dimen159
\tikzsiblingdistance=\dimen160
\tikz@figbox=\box35
\tikz@figbox@bg=\box36
\tikz@tempbox=\box37
\tikz@tempbox@bg=\box38
\tikztreelevel=\count131
\tikznumberofchildren=\count132
\tikznumberofcurrentchild=\count133
\tikz@fig@count=\count134

(/usr/local/texlive/2015/texmf-dist/tex/generic/pgf/modules/pgfmodulematrix.cod
e.tex
File: pgfmodulematrix.code.tex 2013/09/17  (rcs-revision 1.8)
\pgfmatrixcurrentrow=\count135
\pgfmatrixcurrentcolumn=\count136
\pgf@matrix@numberofcolumns=\count137
)
\tikz@expandcount=\count138

(/usr/local/texlive/2015/texmf-dist/tex/generic/pgf/frontendlayer/tikz/librarie
s/tikzlibrarytopaths.code.tex
File: tikzlibrarytopaths.code.tex 2008/06/17 v3.0.0 (rcs-revision 1.2)
)))
(/usr/local/texlive/2015/texmf-dist/tex/generic/pgfplots/pgfplots.code.tex
(/usr/local/texlive/2015/texmf-dist/tex/generic/pgfplots/pgfplotscore.code.tex
\t@pgfplots@toka=\toks34
\t@pgfplots@tokb=\toks35
\t@pgfplots@tokc=\toks36
\pgfplots@tmpa=\dimen161
\c@pgfplots@coordindex=\count139
\c@pgfplots@scanlineindex=\count140

(/usr/local/texlive/2015/texmf-dist/tex/generic/pgfplots/sys/pgfplotssysgeneric
.code.tex))
(/usr/local/texlive/2015/texmf-dist/tex/generic/pgfplots/libs/pgfplotslibrary.c
ode.tex)
(/usr/local/texlive/2015/texmf-dist/tex/generic/pgfplots/oldpgfcompatib/pgfplot
soldpgfsupp_loader.code.tex
(/usr/local/texlive/2015/texmf-dist/tex/generic/pgf/libraries/pgflibraryfpu.cod
e.tex)
Package pgfplots: loading complementary arithmetics for your pgf version...

(/usr/local/texlive/2015/texmf-dist/tex/generic/pgfplots/oldpgfcompatib/pgfplot
soldpgfsupp_pgflibraryfpu.code.tex)
(/usr/local/texlive/2015/texmf-dist/tex/generic/pgfplots/oldpgfcompatib/pgfplot
soldpgfsupp_pgfmathfloat.code.tex
\c@pgfmathroundto@lastzeros=\count141
)
(/usr/local/texlive/2015/texmf-dist/tex/generic/pgfplots/oldpgfcompatib/pgfplot
soldpgfsupp_trig_format.code.tex))
(/usr/local/texlive/2015/texmf-dist/tex/generic/pgfplots/util/pgfplotsutil.code
.tex
(/usr/local/texlive/2015/texmf-dist/tex/generic/pgfplots/liststructure/pgfplots
liststructure.code.tex)
(/usr/local/texlive/2015/texmf-dist/tex/generic/pgfplots/liststructure/pgfplots
liststructureext.code.tex)
(/usr/local/texlive/2015/texmf-dist/tex/generic/pgfplots/liststructure/pgfplots
array.code.tex
\c@pgfplotsarray@tmp=\count142
)
(/usr/local/texlive/2015/texmf-dist/tex/generic/pgfplots/liststructure/pgfplots
matrix.code.tex)
(/usr/local/texlive/2015/texmf-dist/tex/generic/pgfplots/numtable/pgfplotstable
shared.code.tex
\c@pgfplotstable@counta=\count143
\t@pgfplotstable@a=\toks37
)
(/usr/local/texlive/2015/texmf-dist/tex/generic/pgfplots/liststructure/pgfplots
deque.code.tex)
(/usr/local/texlive/2015/texmf-dist/tex/generic/pgfplots/util/pgfplotsbinary.co
de.tex
(/usr/local/texlive/2015/texmf-dist/tex/generic/pgfplots/util/pgfplotsbinary.da
ta.code.tex))
(/usr/local/texlive/2015/texmf-dist/tex/generic/pgfplots/util/pgfplotsutil.verb
.code.tex)
(/usr/local/texlive/2015/texmf-dist/tex/generic/pgfplots/libs/pgflibrarypgfplot
s.surfshading.code.tex
\c@pgfplotslibrarysurf@no=\count144

(/usr/local/texlive/2015/texmf-dist/tex/generic/pgfplots/sys/pgflibrarypgfplots
.surfshading.pgfsys-pdftex.def)))
(/usr/local/texlive/2015/texmf-dist/tex/generic/pgfplots/util/pgfplotscolormap.
code.tex
(/usr/local/texlive/2015/texmf-dist/tex/generic/pgfplots/util/pgfplotscolor.cod
e.tex))
(/usr/local/texlive/2015/texmf-dist/tex/generic/pgfplots/pgfplotsstackedplots.c
ode.tex)
(/usr/local/texlive/2015/texmf-dist/tex/generic/pgfplots/pgfplotsplothandlers.c
ode.tex
(/usr/local/texlive/2015/texmf-dist/tex/generic/pgfplots/pgfplotsmeshplothandle
r.code.tex))
(/usr/local/texlive/2015/texmf-dist/tex/generic/pgfplots/pgfplots.scaling.code.
tex)
(/usr/local/texlive/2015/texmf-dist/tex/generic/pgfplots/pgfplotscoordprocessin
g.code.tex)
(/usr/local/texlive/2015/texmf-dist/tex/generic/pgfplots/pgfplots.errorbars.cod
e.tex)
(/usr/local/texlive/2015/texmf-dist/tex/generic/pgfplots/pgfplots.markers.code.
tex)
(/usr/local/texlive/2015/texmf-dist/tex/generic/pgfplots/pgfplotsticks.code.tex
)
(/usr/local/texlive/2015/texmf-dist/tex/generic/pgfplots/pgfplots.paths.code.te
x)
(/usr/local/texlive/2015/texmf-dist/tex/generic/pgf/frontendlayer/tikz/librarie
s/tikzlibrarydecorations.code.tex
(/usr/local/texlive/2015/texmf-dist/tex/generic/pgf/modules/pgfmoduledecoration
s.code.tex
\pgfdecoratedcompleteddistance=\dimen162
\pgfdecoratedremainingdistance=\dimen163
\pgfdecoratedinputsegmentcompleteddistance=\dimen164
\pgfdecoratedinputsegmentremainingdistance=\dimen165
\pgf@decorate@distancetomove=\dimen166
\pgf@decorate@repeatstate=\count145
\pgfdecorationsegmentamplitude=\dimen167
\pgfdecorationsegmentlength=\dimen168
)
\tikz@lib@dec@box=\box39
)
(/usr/local/texlive/2015/texmf-dist/tex/generic/pgf/frontendlayer/tikz/librarie
s/tikzlibrarydecorations.pathmorphing.code.tex
(/usr/local/texlive/2015/texmf-dist/tex/generic/pgf/libraries/decorations/pgfli
brarydecorations.pathmorphing.code.tex))
(/usr/local/texlive/2015/texmf-dist/tex/generic/pgf/frontendlayer/tikz/librarie
s/tikzlibrarydecorations.pathreplacing.code.tex
(/usr/local/texlive/2015/texmf-dist/tex/generic/pgf/libraries/decorations/pgfli
brarydecorations.pathreplacing.code.tex))
\pgfplots@numplots=\count146
\pgfplots@xmin@reg=\dimen169
\pgfplots@xmax@reg=\dimen170
\pgfplots@ymin@reg=\dimen171
\pgfplots@ymax@reg=\dimen172
\pgfplots@zmin@reg=\dimen173
\pgfplots@zmax@reg=\dimen174
)
(/usr/local/texlive/2015/texmf-dist/tex/generic/pgf/frontendlayer/tikz/librarie
s/tikzlibraryplotmarks.code.tex
File: tikzlibraryplotmarks.code.tex 2008/01/09 v3.0.0 (rcs-revision 1.1)

(/usr/local/texlive/2015/texmf-dist/tex/generic/pgf/libraries/pgflibraryplotmar
ks.code.tex
File: pgflibraryplotmarks.code.tex 2013/07/20 v3.0.0 (rcs-revision 1.13)
))) (/usr/local/texlive/2015/texmf-dist/tex/latex/natbib/natbib.sty
Package: natbib 2010/09/13 8.31b (PWD, AO)
\bibhang=\skip46
\bibsep=\skip47
LaTeX Info: Redefining \cite on input line 694.
\c@NAT@ctr=\count147
) (/usr/local/texlive/2015/texmf-dist/tex/latex/tocbibind/tocbibind.sty
Package: tocbibind 2010/10/13 v1.5k extra ToC listings
Package tocbibind Info: The document has chapter divisions on input line 50.


Package tocbibind Note: Using chapter style headings, unless overridden.

) (/usr/local/texlive/2015/texmf-dist/tex/latex/fancyhdr/fancyhdr.sty
\fancy@headwidth=\skip48
\f@ncyO@elh=\skip49
\f@ncyO@erh=\skip50
\f@ncyO@olh=\skip51
\f@ncyO@orh=\skip52
\f@ncyO@elf=\skip53
\f@ncyO@erf=\skip54
\f@ncyO@olf=\skip55
\f@ncyO@orf=\skip56
)
(/usr/local/texlive/2015/texmf-dist/tex/latex/amscls/amsthm.sty
Package: amsthm 2015/03/04 v2.20.2
\thm@style=\toks38
\thm@bodyfont=\toks39
\thm@headfont=\toks40
\thm@notefont=\toks41
\thm@headpunct=\toks42
\thm@preskip=\skip57
\thm@postskip=\skip58
\thm@headsep=\skip59
\dth@everypar=\toks43
)
\c@lemma=\count148
\c@definition=\count149
\c@corolary=\count150
\c@examle=\count151
)
(./PhdThesis.aux)
\openout1 = `PhdThesis.aux'.

LaTeX Font Info:    Checking defaults for OML/cmm/m/it on input line 10.
LaTeX Font Info:    ... okay on input line 10.
LaTeX Font Info:    Checking defaults for T1/cmr/m/n on input line 10.
LaTeX Font Info:    ... okay on input line 10.
LaTeX Font Info:    Checking defaults for OT1/cmr/m/n on input line 10.
LaTeX Font Info:    ... okay on input line 10.
LaTeX Font Info:    Checking defaults for OMS/cmsy/m/n on input line 10.
LaTeX Font Info:    ... okay on input line 10.
LaTeX Font Info:    Checking defaults for OMX/cmex/m/n on input line 10.
LaTeX Font Info:    ... okay on input line 10.
LaTeX Font Info:    Checking defaults for U/cmr/m/n on input line 10.
LaTeX Font Info:    ... okay on input line 10.
LaTeX Font Info:    Checking defaults for TS1/cmr/m/n on input line 10.
LaTeX Font Info:    Try loading font information for TS1+cmr on input line 10.
 (/usr/local/texlive/2015/texmf-dist/tex/latex/base/ts1cmr.fd
File: ts1cmr.fd 2014/09/29 v2.5h Standard LaTeX font definitions
)
LaTeX Font Info:    ... okay on input line 10.
(/usr/local/texlive/2015/texmf-dist/tex/context/base/supp-pdf.mkii
[Loading MPS to PDF converter (version 2006.09.02).]
\scratchcounter=\count152
\scratchdimen=\dimen175
\scratchbox=\box40
\nofMPsegments=\count153
\nofMParguments=\count154
\everyMPshowfont=\toks44
\MPscratchCnt=\count155
\MPscratchDim=\dimen176
\MPnumerator=\count156
\makeMPintoPDFobject=\count157
\everyMPtoPDFconversion=\toks45
) (/usr/local/texlive/2015/texmf-dist/tex/generic/oberdiek/pdftexcmds.sty
Package: pdftexcmds 2011/11/29 v0.20 Utility functions of pdfTeX for LuaTeX (HO
)

(/usr/local/texlive/2015/texmf-dist/tex/generic/oberdiek/ifluatex.sty
Package: ifluatex 2010/03/01 v1.3 Provides the ifluatex switch (HO)
Package ifluatex Info: LuaTeX not detected.
)
(/usr/local/texlive/2015/texmf-dist/tex/generic/oberdiek/ifpdf.sty
Package: ifpdf 2011/01/30 v2.3 Provides the ifpdf switch (HO)
Package ifpdf Info: pdfTeX in PDF mode is detected.
)
Package pdftexcmds Info: LuaTeX not detected.
Package pdftexcmds Info: \pdf@primitive is available.
Package pdftexcmds Info: \pdf@ifprimitive is available.
Package pdftexcmds Info: \pdfdraftmode found.
)
(/usr/local/texlive/2015/texmf-dist/tex/latex/oberdiek/epstopdf-base.sty
Package: epstopdf-base 2010/02/09 v2.5 Base part for package epstopdf

(/usr/local/texlive/2015/texmf-dist/tex/latex/oberdiek/grfext.sty
Package: grfext 2010/08/19 v1.1 Manage graphics extensions (HO)

(/usr/local/texlive/2015/texmf-dist/tex/generic/oberdiek/kvdefinekeys.sty
Package: kvdefinekeys 2011/04/07 v1.3 Define keys (HO)
))
(/usr/local/texlive/2015/texmf-dist/tex/latex/oberdiek/kvoptions.sty
Package: kvoptions 2011/06/30 v3.11 Key value format for package options (HO)

(/usr/local/texlive/2015/texmf-dist/tex/generic/oberdiek/kvsetkeys.sty
Package: kvsetkeys 2012/04/25 v1.16 Key value parser (HO)

(/usr/local/texlive/2015/texmf-dist/tex/generic/oberdiek/etexcmds.sty
Package: etexcmds 2011/02/16 v1.5 Avoid name clashes with e-TeX commands (HO)
Package etexcmds Info: Could not find \expanded.
(etexcmds)             That can mean that you are not using pdfTeX 1.50 or
(etexcmds)             that some package has redefined \expanded.
(etexcmds)             In the latter case, load this package earlier.
)))
Package grfext Info: Graphics extension search list:
(grfext)             [.png,.pdf,.jpg,.mps,.jpeg,.jbig2,.jb2,.PNG,.PDF,.JPG,.JPE
G,.JBIG2,.JB2,.eps]
(grfext)             \AppendGraphicsExtensions on input line 452.

(/usr/local/texlive/2015/texmf-dist/tex/latex/latexconfig/epstopdf-sys.cfg
File: epstopdf-sys.cfg 2010/07/13 v1.3 Configuration of (r)epstopdf for TeX Liv
e
))
ABD: EveryShipout initializing macros
Package pgfplots notification 'compat/show suggested version=true': you might b
enefit from \pgfplotsset{compat=1.12} (current compat level: 1.9).

LaTeX Font Info:    Try loading font information for U+msa on input line 13.
(/usr/local/texlive/2015/texmf-dist/tex/latex/amsfonts/umsa.fd
File: umsa.fd 2013/01/14 v3.01 AMS symbols A
)
LaTeX Font Info:    Try loading font information for U+msb on input line 13.

(/usr/local/texlive/2015/texmf-dist/tex/latex/amsfonts/umsb.fd
File: umsb.fd 2013/01/14 v3.01 AMS symbols B
) [1


{/usr/local/texlive/2015/texmf-var/fonts/map/pdftex/updmap/pdftex.map}] [2


] (./PhdThesis.toc)
\tf@toc=\write4
\openout4 = `PhdThesis.toc'.

 [3] [4

] (./PhdThesis.lof)
\tf@lof=\write5
\openout5 = `PhdThesis.lof'.

 [5] [6


] (./Chpt0_Dedication/Chpt0_Dedication.tex)
(./Chpt0_Preface/Chpt0_Preface.tex [1

] [2

] [3])
(./Chpt1_FringePatternDemodulation/Chpt1_FringePatternDemodulation.tex [4]
Chapter 1.

Package natbib Warning: Citation `Schwider:83' on page 5 undefined on input lin
e 26.


Package natbib Warning: Citation `Creath:91' on page 5 undefined on input line 
26.

[5

]

Package natbib Warning: Citation `Itoh:82' on page 6 undefined on input line 50
.


Package natbib Warning: Citation `Huntley:89' on page 6 undefined on input line
 50.


Package natbib Warning: Citation `Ghiglia:94' on page 6 undefined on input line
 50.


Package natbib Warning: Citation `Quiroga:94' on page 6 undefined on input line
 50.


Package natbib Warning: Citation `ServinA:10' on page 6 undefined on input line
 53.


Package natbib Warning: Citation `Crane:69' on page 6 undefined on input line 5
3.


Package natbib Warning: Citation `Hays:71' on page 6 undefined on input line 53
.


Package natbib Warning: Citation `Kujawinska2006' on page 6 undefined on input 
line 59.


LaTeX Warning: Command \c invalid in math mode on input line 63.


LaTeX Warning: Command \c invalid in math mode on input line 65.


LaTeX Warning: Command \c invalid in math mode on input line 69.


LaTeX Warning: Command \c invalid in math mode on input line 69.


Overfull \hbox (3.09874pt too wide) in paragraph at lines 64--73
[]\OT1/cmr/m/n/12 ) \OMS/cmsy/m/n/12 6\OT1/cmr/m/n/12 = [](\OMS/cmsy/m/n/12 ^^@
\OML/cmm/m/it/12 ^^^ \OT1/cmr/m/n/12 + [])$. They also al-low to iso-late the a
n-a-lytic sig-nal $[]\OML/cmm/m/it/12 b\OT1/cmr/m/n/12 (\OML/cmm/m/it/12 x; y\O
T1/cmr/m/n/12 )\OML/cmm/m/it/12 e[]$\OT1/cmr/m/n/12 .
 []


LaTeX Warning: Command \c invalid in math mode on input line 74.

[6] [7]

Package natbib Warning: Citation `Surrel:96' on page 8 undefined on input line 
139.


Package natbib Warning: Citation `Wyant:75' on page 8 undefined on input line 1
39.


Package natbib Warning: Citation `Kujawinska2006' on page 8 undefined on input 
line 139.


Package natbib Warning: Citation `Gonzalez:11' on page 8 undefined on input lin
e 149.


Package natbib Warning: Citation `Mosino:09' on page 8 undefined on input line 
162.


Package natbib Warning: Citation `Mosino:10' on page 8 undefined on input line 
162.


Package natbib Warning: Citation `Schwider:83' on page 8 undefined on input lin
e 168.


Package natbib Warning: Citation `Surrel:93' on page 8 undefined on input line 
168.


Package natbib Warning: Citation `Surrel:97' on page 8 undefined on input line 
168.


Package natbib Warning: Citation `Hariharan:87' on page 8 undefined on input li
ne 168.


Package natbib Warning: Citation `Larkin:92' on page 8 undefined on input line 
168.


Package natbib Warning: Citation `Schmit:95' on page 8 undefined on input line 
168.


Package natbib Warning: Citation `Schmit:96' on page 8 undefined on input line 
168.


Package natbib Warning: Citation `Hibino:97' on page 8 undefined on input line 
168.


Package natbib Warning: Citation `deGroot:95' on page 8 undefined on input line
 168.


Package natbib Warning: Citation `Bi:04' on page 8 undefined on input line 168.



Package natbib Warning: Citation `Schwider:83' on page 8 undefined on input lin
e 170.


Package natbib Warning: Citation `Hariharan:87' on page 8 undefined on input li
ne 170.

[8]

Package natbib Warning: Citation `Brophy:90' on page 9 undefined on input line 
176.


Package natbib Warning: Citation `Rathjen:95' on page 9 undefined on input line
 177.


Package natbib Warning: Citation `Surrel:97' on page 9 undefined on input line 
178.


Package natbib Warning: Citation `Hibino:97' on page 9 undefined on input line 
179.


Package natbib Warning: Citation `Papoulis:2002' on page 9 undefined on input l
ine 182.


Package natbib Warning: Citation `Gasvik:2002' on page 9 undefined on input lin
e 189.


Package natbib Warning: Citation `Gasvik:2002' on page 9 undefined on input lin
e 191.


Package natbib Warning: Citation `Papoulis:2002' on page 9 undefined on input l
ine 199.


Package natbib Warning: Citation `Servin:11' on page 9 undefined on input line 
206.


Package natbib Warning: Citation `Surrel:97' on page 9 undefined on input line 
206.

[9]

Package natbib Warning: Citation `Servin:09' on page 10 undefined on input line
 212.


Package natbib Warning: Citation `Ichioka:72' on page 10 undefined on input lin
e 236.


Package natbib Warning: Citation `Takeda:82' on page 10 undefined on input line
 236.


Package natbib Warning: Citation `Granlund2010' on page 10 undefined on input l
ine 249.

[10]

Package natbib Warning: Citation `Bruning:74' on page 11 undefined on input lin
e 266.


Package natbib Warning: Citation `Morgan' on page 11 undefined on input line 26
8.


Package natbib Warning: Citation `Greivenkamp' on page 11 undefined on input li
ne 270.


LaTeX Warning: Command \c invalid in math mode on input line 276.

[11]

Package natbib Warning: Citation `Morgan' on page 12 undefined on input line 29
6.


Package natbib Warning: Citation `Greivenkamp' on page 12 undefined on input li
ne 296.


Package natbib Warning: Citation `Okada' on page 12 undefined on input line 296
.


Package natbib Warning: Citation `Kong' on page 12 undefined on input line 296.


[12]

Package natbib Warning: Citation `RQF' on page 13 undefined on input line 355.


Package natbib Warning: Citation `AQF' on page 13 undefined on input line 355.


Package natbib Warning: Citation `AQF_mult' on page 13 undefined on input line 
355.


Package natbib Warning: Citation `Marroquin1999' on page 13 undefined on input 
line 355.


Package natbib Warning: Citation `RPT' on page 13 undefined on input line 357.


Package natbib Warning: Citation `RQPT' on page 13 undefined on input line 357.



Package natbib Warning: Citation `Mariano' on page 13 undefined on input line 3
57.


Package natbib Warning: Citation `Mariano2' on page 13 undefined on input line 
357.


Package natbib Warning: Citation `Vargas' on page 13 undefined on input line 35
7.


Package natbib Warning: Citation `Medina' on page 13 undefined on input line 35
7.


Package natbib Warning: Citation `Zeng' on page 13 undefined on input line 357.



Package natbib Warning: Citation `Servin2001' on page 13 undefined on input lin
e 357.


Package natbib Warning: Citation `Legarda-Saenz:02' on page 13 undefined on inp
ut line 357.


Package natbib Warning: Citation `Tian2010' on page 13 undefined on input line 
357.


Package natbib Warning: Citation `Quiroga' on page 13 undefined on input line 3
57.


Package natbib Warning: Citation `Kai:12' on page 13 undefined on input line 35
7.


Package natbib Warning: Citation `Legarda-Saenz:06' on page 13 undefined on inp
ut line 357.

[13]

Package natbib Warning: Citation `RQF' on page 14 undefined on input line 401.


Package natbib Warning: Citation `AQF' on page 14 undefined on input line 401.


Package natbib Warning: Citation `AQF_mult' on page 14 undefined on input line 
401.

) (./Chpt1_RegularizedLeastSquares/Chpt1_RegularizedLeastSquares.tex [14]
Chapter 2.

Package natbib Warning: Citation `Malacara' on page 15 undefined on input line 
27.


Package natbib Warning: Citation `GeneralTheory' on page 15 undefined on input 
line 27.


Package natbib Warning: Citation `RQF' on page 15 undefined on input line 30.


Package natbib Warning: Citation `temporal_1' on page 15 undefined on input lin
e 30.


Package natbib Warning: Citation `temporal_2' on page 15 undefined on input lin
e 30.


Package natbib Warning: Citation `RQF' on page 15 undefined on input line 33.


Package natbib Warning: Citation `temporal_1' on page 15 undefined on input lin
e 33.


Package natbib Warning: Citation `temporal_2' on page 15 undefined on input lin
e 33.


Package natbib Warning: Citation `Mariano2' on page 15 undefined on input line 
33.


Package natbib Warning: Citation `Medina' on page 15 undefined on input line 33
.


Package natbib Warning: Citation `Zeng' on page 15 undefined on input line 33.


Package natbib Warning: Citation `Malacara' on page 15 undefined on input line 
42.


Package natbib Warning: Citation `temporal_2' on page 15 undefined on input lin
e 42.


Package natbib Warning: Citation `Itoh:82' on page 15 undefined on input line 4
5.


Package natbib Warning: Citation `Huntley:89' on page 15 undefined on input lin
e 45.


Package natbib Warning: Citation `Ghiglia:94' on page 15 undefined on input lin
e 45.


Package natbib Warning: Citation `Quiroga:94' on page 15 undefined on input lin
e 45.


Package natbib Warning: Citation `Takeda1996' on page 15 undefined on input lin
e 45.


Package natbib Warning: Citation `Asundi:98' on page 15 undefined on input line
 45.


Package natbib Warning: Citation `Servin:98' on page 15 undefined on input line
 45.


Package natbib Warning: Citation `Servin:99' on page 15 undefined on input line
 45.


Package natbib Warning: Citation `Estrada:11' on page 15 undefined on input lin
e 45.


Package natbib Warning: Citation `Navarro:12' on page 15 undefined on input lin
e 45.

[15

]

Package natbib Warning: Citation `RQF' on page 16 undefined on input line 67.


Package Fancyhdr Warning: \headheight is too small (25.3pt): 
 Make it at least 27.18336pt.
 We now make it that large for the rest of the document.
 This may cause the page layout to be inconsistent, however.

[16]
Package epstopdf Info: Source file: <Chpt1_RegularizedLeastSquares/Chpt1_figure
s/Fig_1.eps>
(epstopdf)                    date: 2015-05-20 16:02:04
(epstopdf)                    size: 1938818 bytes
(epstopdf)             Output file: <Chpt1_RegularizedLeastSquares/Chpt1_figure
s/Fig_1-eps-converted-to.pdf>
(epstopdf)                    date: 2015-10-09 11:31:04
(epstopdf)                    size: 846012 bytes
(epstopdf)             Command: <repstopdf --outfile=Chpt1_RegularizedLeastSqua
res/Chpt1_figures/Fig_1-eps-converted-to.pdf Chpt1_RegularizedLeastSquares/Chpt
1_figures/Fig_1.eps>
(epstopdf)             \includegraphics on input line 113.
Package epstopdf Info: Output file is already uptodate.

<Chpt1_RegularizedLeastSquares/Chpt1_figures/Fig_1-eps-converted-to.pdf, id=89,
 1325.95375pt x 458.71375pt>
File: Chpt1_RegularizedLeastSquares/Chpt1_figures/Fig_1-eps-converted-to.pdf Gr
aphic file (type pdf)

<use Chpt1_RegularizedLeastSquares/Chpt1_figures/Fig_1-eps-converted-to.pdf>
Package pdftex.def Info: Chpt1_RegularizedLeastSquares/Chpt1_figures/Fig_1-eps-
converted-to.pdf used on input line 113.
(pdftex.def)             Requested size: 331.48763pt x 114.67815pt.
Package epstopdf Info: Source file: <Chpt1_RegularizedLeastSquares/Chpt1_figure
s/Fig_2.eps>
(epstopdf)                    date: 2015-05-20 16:02:04
(epstopdf)                    size: 1275741 bytes
(epstopdf)             Output file: <Chpt1_RegularizedLeastSquares/Chpt1_figure
s/Fig_2-eps-converted-to.pdf>
(epstopdf)                    date: 2015-10-09 11:31:04
(epstopdf)                    size: 429195 bytes
(epstopdf)             Command: <repstopdf --outfile=Chpt1_RegularizedLeastSqua
res/Chpt1_figures/Fig_2-eps-converted-to.pdf Chpt1_RegularizedLeastSquares/Chpt
1_figures/Fig_2.eps>
(epstopdf)             \includegraphics on input line 150.
Package epstopdf Info: Output file is already uptodate.

<Chpt1_RegularizedLeastSquares/Chpt1_figures/Fig_2-eps-converted-to.pdf, id=90,
 1237.62375pt x 430.60875pt>
File: Chpt1_RegularizedLeastSquares/Chpt1_figures/Fig_2-eps-converted-to.pdf Gr
aphic file (type pdf)

<use Chpt1_RegularizedLeastSquares/Chpt1_figures/Fig_2-eps-converted-to.pdf>
Package pdftex.def Info: Chpt1_RegularizedLeastSquares/Chpt1_figures/Fig_2-eps-
converted-to.pdf used on input line 150.
(pdftex.def)             Requested size: 371.29pt x 129.18361pt.

[17] [18 <./Chpt1_RegularizedLeastSquares/Chpt1_figures/Fig_1-eps-converted-to.
pdf>] [19 <./Chpt1_RegularizedLeastSquares/Chpt1_figures/Fig_2-eps-converted-to
.pdf>]) (./Chpt2_RegularizedSelfTuning/Chpt2_RegularizedSelfTuning.tex [20]
Chapter 3.

Package natbib Warning: Citation `Malacara' on page 21 undefined on input line 
20.


Package natbib Warning: Citation `Malacara' on page 21 undefined on input line 
26.


Package natbib Warning: Citation `Freischlad:90' on page 21 undefined on input 
line 26.


Package natbib Warning: Citation `Servin:09' on page 21 undefined on input line
 26.


Package natbib Warning: Citation `Servin:09' on page 21 undefined on input line
 30.


Package natbib Warning: Citation `Schwider:83' on page 21 undefined on input li
ne 30.


Package natbib Warning: Citation `Ai:87' on page 21 undefined on input line 30.



Package natbib Warning: Citation `Larkin:01' on page 21 undefined on input line
 30.


Package natbib Warning: Citation `Langoju:06' on page 21 undefined on input lin
e 30.


Package natbib Warning: Citation `Ai:87' on page 21 undefined on input line 36.



Package natbib Warning: Citation `Cheng:85' on page 21 undefined on input line 
36.


Package natbib Warning: Citation `Schwider:83' on page 21 undefined on input li
ne 41.


Package natbib Warning: Citation `Hariharan:87' on page 21 undefined on input l
ine 41.


Package natbib Warning: Citation `Surrel:93' on page 21 undefined on input line
 41.


Package natbib Warning: Citation `Estrada:09' on page 21 undefined on input lin
e 44.


Package natbib Warning: Citation `Larkin:01' on page 21 undefined on input line
 46.


Package natbib Warning: Citation `Lai:91' on page 21 undefined on input line 46
.


Package natbib Warning: Citation `Kong' on page 21 undefined on input line 48.


Package natbib Warning: Citation `Wang:04' on page 21 undefined on input line 4
8.

[21

]

Package natbib Warning: Citation `Kong' on page 22 undefined on input line 57.


Package natbib Warning: Citation `Wang:04' on page 22 undefined on input line 5
7.


Package natbib Warning: Citation `Larkin:02' on page 22 undefined on input line
 57.


Package natbib Warning: Citation `Kong' on page 22 undefined on input line 61.


Package natbib Warning: Citation `Wang:04' on page 22 undefined on input line 6
1.


Package natbib Warning: Citation `Larkin:02' on page 22 undefined on input line
 62.

[22]

Package natbib Warning: Citation `Jahne' on page 23 undefined on input line 85.



Package natbib Warning: Citation `RQF' on page 23 undefined on input line 92.


Package natbib Warning: Citation `RQF' on page 23 undefined on input line 120.


Package natbib Warning: Citation `AQF_mult' on page 23 undefined on input line 
120.

[23]

Package natbib Warning: Citation `Nocedal' on page 24 undefined on input line 1
40.

[24]
Overfull \hbox (16.7858pt too wide) in paragraph at lines 176--176
[]\OT1/cmr/bx/n/17.28 Minimization pro-cess of the quadratic func-
 []

[25]

Package natbib Warning: Citation `Wang:04' on page 26 undefined on input line 2
79.

[26]
Underfull \vbox (badness 10000) has occurred while \output is active []

 [27]
Package epstopdf Info: Source file: <Chpt2_RegularizedSelfTuning/Chpt2_figures/
Steps.eps>
(epstopdf)                    date: 2015-09-27 13:53:15
(epstopdf)                    size: 3062266 bytes
(epstopdf)             Output file: <Chpt2_RegularizedSelfTuning/Chpt2_figures/
Steps-eps-converted-to.pdf>
(epstopdf)                    date: 2015-10-09 11:31:04
(epstopdf)                    size: 261203 bytes
(epstopdf)             Command: <repstopdf --outfile=Chpt2_RegularizedSelfTunin
g/Chpt2_figures/Steps-eps-converted-to.pdf Chpt2_RegularizedSelfTuning/Chpt2_fi
gures/Steps.eps>
(epstopdf)             \includegraphics on input line 323.
Package epstopdf Info: Output file is already uptodate.

<Chpt2_RegularizedSelfTuning/Chpt2_figures/Steps-eps-converted-to.pdf, id=152, 
1528.71124pt x 663.47874pt>
File: Chpt2_RegularizedSelfTuning/Chpt2_figures/Steps-eps-converted-to.pdf Grap
hic file (type pdf)

<use Chpt2_RegularizedSelfTuning/Chpt2_figures/Steps-eps-converted-to.pdf>
Package pdftex.def Info: Chpt2_RegularizedSelfTuning/Chpt2_figures/Steps-eps-co
nverted-to.pdf used on input line 323.
(pdftex.def)             Requested size: 305.73683pt x 132.69339pt.


Package natbib Warning: Citation `Wang:04' on page 28 undefined on input line 3
32.


Package natbib Warning: Citation `Wang:04' on page 28 undefined on input line 3
32.


Overfull \hbox (14.97496pt too wide) in paragraph at lines 339--349
\OT1/cmr/m/n/12 We have pre-sented a reg-u-lar-ized self-tuning phase-shifting 
de-mod-u-la-tion method
 []

) (./Chpt3_RobustAdaptive/Chpt3_RobustAdaptive.tex [28 <./Chpt2_RegularizedSelf
Tuning/Chpt2_figures/Steps-eps-converted-to.pdf>]
Chapter 4.

Package natbib Warning: Citation `Bruning:74' on page 29 undefined on input lin
e 51.


Package natbib Warning: Citation `Morgan' on page 29 undefined on input line 51
.


Package natbib Warning: Citation `Schwider:83' on page 29 undefined on input li
ne 51.


Package natbib Warning: Citation `Cheng:85' on page 29 undefined on input line 
51.


Package natbib Warning: Citation `Hariharan:87' on page 29 undefined on input l
ine 51.


Package natbib Warning: Citation `Estrada:09' on page 29 undefined on input lin
e 51.


Package natbib Warning: Citation `Servin:09' on page 29 undefined on input line
 58.


Package natbib Warning: Citation `GeneralTheory' on page 29 undefined on input 
line 58.


Package natbib Warning: Citation `Servin:10' on page 29 undefined on input line
 61.


Package natbib Warning: Citation `Millerd2004' on page 29 undefined on input li
ne 61.


Package natbib Warning: Citation `Kimbrough2010' on page 29 undefined on input 
line 61.


Package natbib Warning: Citation `Servin:10b' on page 29 undefined on input lin
e 61.


Package natbib Warning: Citation `Padilla:12' on page 29 undefined on input lin
e 61.


Package natbib Warning: Citation `Baker:06' on page 29 undefined on input line 
61.


Package natbib Warning: Citation `Kimbrough:06' on page 29 undefined on input l
ine 61.


Package natbib Warning: Citation `Novak:05' on page 29 undefined on input line 
61.


Package natbib Warning: Citation `Xu:06' on page 29 undefined on input line 65.



Package natbib Warning: Citation `Wang:04' on page 29 undefined on input line 6
5.


Package natbib Warning: Citation `Estrada:10' on page 29 undefined on input lin
e 65.


Underfull \vbox (badness 10000) has occurred while \output is active []

 [29

]
Underfull \vbox (badness 1152) has occurred while \output is active []

 [30]
[31]
Underfull \vbox (badness 1264) has occurred while \output is active []

 [32]
[33]
Package epstopdf Info: Source file: <Chpt3_RobustAdaptive/Chpt3_figures/fig_1.e
ps>
(epstopdf)                    date: 2015-05-20 16:02:04
(epstopdf)                    size: 973664 bytes
(epstopdf)             Output file: <Chpt3_RobustAdaptive/Chpt3_figures/fig_1-e
ps-converted-to.pdf>
(epstopdf)                    date: 2015-10-09 11:31:04
(epstopdf)                    size: 167433 bytes
(epstopdf)             Command: <repstopdf --outfile=Chpt3_RobustAdaptive/Chpt3
_figures/fig_1-eps-converted-to.pdf Chpt3_RobustAdaptive/Chpt3_figures/fig_1.ep
s>
(epstopdf)             \includegraphics on input line 236.
Package epstopdf Info: Output file is already uptodate.

<Chpt3_RobustAdaptive/Chpt3_figures/fig_1-eps-converted-to.pdf, id=175, 699.613
75pt x 612.2875pt>
File: Chpt3_RobustAdaptive/Chpt3_figures/fig_1-eps-converted-to.pdf Graphic fil
e (type pdf)

<use Chpt3_RobustAdaptive/Chpt3_figures/fig_1-eps-converted-to.pdf>
Package pdftex.def Info: Chpt3_RobustAdaptive/Chpt3_figures/fig_1-eps-converted
-to.pdf used on input line 236.
(pdftex.def)             Requested size: 279.84055pt x 244.91066pt.
 [34 <./Chpt3_RobustAdaptive/Chpt3_figures/fig_1-eps-converted-to.pdf>]

Package natbib Warning: Citation `Wang:04' on page 35 undefined on input line 2
51.

Package epstopdf Info: Source file: <Chpt3_RobustAdaptive/Chpt3_figures/fig_2.e
ps>
(epstopdf)                    date: 2015-05-20 16:02:04
(epstopdf)                    size: 257938 bytes
(epstopdf)             Output file: <Chpt3_RobustAdaptive/Chpt3_figures/fig_2-e
ps-converted-to.pdf>
(epstopdf)                    date: 2015-10-09 11:31:04
(epstopdf)                    size: 104168 bytes
(epstopdf)             Command: <repstopdf --outfile=Chpt3_RobustAdaptive/Chpt3
_figures/fig_2-eps-converted-to.pdf Chpt3_RobustAdaptive/Chpt3_figures/fig_2.ep
s>
(epstopdf)             \includegraphics on input line 281.
Package epstopdf Info: Output file is already uptodate.

<Chpt3_RobustAdaptive/Chpt3_figures/fig_2-eps-converted-to.pdf, id=182, 941.517
5pt x 776.9025pt>
File: Chpt3_RobustAdaptive/Chpt3_figures/fig_2-eps-converted-to.pdf Graphic fil
e (type pdf)

<use Chpt3_RobustAdaptive/Chpt3_figures/fig_2-eps-converted-to.pdf>
Package pdftex.def Info: Chpt3_RobustAdaptive/Chpt3_figures/fig_2-eps-converted
-to.pdf used on input line 281.
(pdftex.def)             Requested size: 188.30016pt x 155.37775pt.


Package natbib Warning: Citation `Schwider:83' on page 35 undefined on input li
ne 318.


Package natbib Warning: Citation `Servin:09' on page 35 undefined on input line
 318.

[35]
Underfull \vbox (badness 1231) has occurred while \output is active []

 [36 <./Chpt3_RobustAdaptive/Chpt3_figures/fig_2-eps-converted-to.pdf>]
Package epstopdf Info: Source file: <Chpt3_RobustAdaptive/Chpt3_figures/fig_3.e
ps>
(epstopdf)                    date: 2015-05-20 16:02:04
(epstopdf)                    size: 2011046 bytes
(epstopdf)             Output file: <Chpt3_RobustAdaptive/Chpt3_figures/fig_3-e
ps-converted-to.pdf>
(epstopdf)                    date: 2015-10-09 11:31:04
(epstopdf)                    size: 246233 bytes
(epstopdf)             Command: <repstopdf --outfile=Chpt3_RobustAdaptive/Chpt3
_figures/fig_3-eps-converted-to.pdf Chpt3_RobustAdaptive/Chpt3_figures/fig_3.ep
s>
(epstopdf)             \includegraphics on input line 323.
Package epstopdf Info: Output file is already uptodate.

<Chpt3_RobustAdaptive/Chpt3_figures/fig_3-eps-converted-to.pdf, id=192, 1196.47
pt x 742.775pt>
File: Chpt3_RobustAdaptive/Chpt3_figures/fig_3-eps-converted-to.pdf Graphic fil
e (type pdf)

<use Chpt3_RobustAdaptive/Chpt3_figures/fig_3-eps-converted-to.pdf>
Package pdftex.def Info: Chpt3_RobustAdaptive/Chpt3_figures/fig_3-eps-converted
-to.pdf used on input line 323.
(pdftex.def)             Requested size: 358.94377pt x 222.83421pt.
Package epstopdf Info: Source file: <Chpt3_RobustAdaptive/Chpt3_figures/fig_4.e
ps>
(epstopdf)                    date: 2015-05-20 16:02:04
(epstopdf)                    size: 717455 bytes
(epstopdf)             Output file: <Chpt3_RobustAdaptive/Chpt3_figures/fig_4-e
ps-converted-to.pdf>
(epstopdf)                    date: 2015-10-09 11:31:04
(epstopdf)                    size: 174264 bytes
(epstopdf)             Command: <repstopdf --outfile=Chpt3_RobustAdaptive/Chpt3
_figures/fig_4-eps-converted-to.pdf Chpt3_RobustAdaptive/Chpt3_figures/fig_4.ep
s>
(epstopdf)             \includegraphics on input line 333.
Package epstopdf Info: Output file is already uptodate.

<Chpt3_RobustAdaptive/Chpt3_figures/fig_4-eps-converted-to.pdf, id=193, 1067.99
pt x 463.7325pt>
File: Chpt3_RobustAdaptive/Chpt3_figures/fig_4-eps-converted-to.pdf Graphic fil
e (type pdf)

<use Chpt3_RobustAdaptive/Chpt3_figures/fig_4-eps-converted-to.pdf>
Package pdftex.def Info: Chpt3_RobustAdaptive/Chpt3_figures/fig_4-eps-converted
-to.pdf used on input line 333.
(pdftex.def)             Requested size: 320.39948pt x 139.12082pt.
 [37 <./Chpt3_RobustAdaptive/Chpt3_figures/fig_3-eps-converted-to.pdf>]

Package natbib Warning: Citation `Xu:06' on page 38 undefined on input line 363
.


Package natbib Warning: Citation `Wang:04' on page 38 undefined on input line 3
63.


Package natbib Warning: Citation `Estrada:10' on page 38 undefined on input lin
e 363.


Package natbib Warning: Citation `Wang:04' on page 38 undefined on input line 3
68.


Package natbib Warning: Citation `Morgan' on page 38 undefined on input line 36
9.


Package natbib Warning: Citation `Wang:04' on page 38 undefined on input line 3
72.


Package natbib Warning: Citation `Xu:06' on page 38 undefined on input line 379
.


Package natbib Warning: Citation `Wang:04' on page 38 undefined on input line 3
79.

[38 <./Chpt3_RobustAdaptive/Chpt3_figures/fig_4-eps-converted-to.pdf>])
Underfull \vbox (badness 10000) has occurred while \output is active []

 [39]
(./Chpt4_PhaseDetuningCorrecting/Chpt4_PhaseDetuningCorrecting.tex [40]
Chapter 5.

Package natbib Warning: Citation `Malacara' on page 41 undefined on input line 
46.


Package natbib Warning: Citation `GeneralTheory' on page 41 undefined on input 
line 46.


Package natbib Warning: Citation `Mosino:09' on page 41 undefined on input line
 46.


Package natbib Warning: Citation `fringePatternAnalisys' on page 41 undefined o
n input line 46.


Package natbib Warning: Citation `PhaseDetuning_0' on page 41 undefined on inpu
t line 50.


Package natbib Warning: Citation `PhaseDetuning_1' on page 41 undefined on inpu
t line 50.


Package natbib Warning: Citation `Malacara' on page 41 undefined on input line 
50.


Package natbib Warning: Citation `Mosino:10' on page 41 undefined on input line
 50.


Package natbib Warning: Citation `ShopTesting' on page 41 undefined on input li
ne 50.


Package natbib Warning: Citation `AccuracyPSI_1' on page 41 undefined on input 
line 50.


Package natbib Warning: Citation `deGroot:95' on page 41 undefined on input lin
e 50.


Package natbib Warning: Citation `Schmit:95' on page 41 undefined on input line
 50.


Package natbib Warning: Citation `Gutmann:98' on page 41 undefined on input lin
e 50.


Package natbib Warning: Citation `Servin:10' on page 41 undefined on input line
 50.


Package natbib Warning: Citation `Gonzalez:11' on page 41 undefined on input li
ne 53.


Package natbib Warning: Citation `Schwider:93' on page 41 undefined on input li
ne 53.

[41

]

Package natbib Warning: Citation `Mosino:09' on page 42 undefined on input line
 70.


Package natbib Warning: Citation `RQF' on page 42 undefined on input line 103.

Package epstopdf Info: Source file: <Chpt4_PhaseDetuningCorrecting/Chpt4_figure
s/Fig_1aNoise.eps>
(epstopdf)                    date: 2015-05-20 16:02:04
(epstopdf)                    size: 139000 bytes
(epstopdf)             Output file: <Chpt4_PhaseDetuningCorrecting/Chpt4_figure
s/Fig_1aNoise-eps-converted-to.pdf>
(epstopdf)                    date: 2015-10-09 11:31:04
(epstopdf)                    size: 94649 bytes
(epstopdf)             Command: <repstopdf --outfile=Chpt4_PhaseDetuningCorrect
ing/Chpt4_figures/Fig_1aNoise-eps-converted-to.pdf Chpt4_PhaseDetuningCorrectin
g/Chpt4_figures/Fig_1aNoise.eps>
(epstopdf)             \includegraphics on input line 120.
Package epstopdf Info: Output file is already uptodate.

<Chpt4_PhaseDetuningCorrecting/Chpt4_figures/Fig_1aNoise-eps-converted-to.pdf, 
id=217, 205.76875pt x 206.7725pt>
File: Chpt4_PhaseDetuningCorrecting/Chpt4_figures/Fig_1aNoise-eps-converted-to.
pdf Graphic file (type pdf)

<use Chpt4_PhaseDetuningCorrecting/Chpt4_figures/Fig_1aNoise-eps-converted-to.p
df>
Package pdftex.def Info: Chpt4_PhaseDetuningCorrecting/Chpt4_figures/Fig_1aNois
e-eps-converted-to.pdf used on input line 120.
(pdftex.def)             Requested size: 154.32617pt x 155.07898pt.
Package epstopdf Info: Source file: <Chpt4_PhaseDetuningCorrecting/Chpt4_figure
s/Fig_1bNoise.eps>
(epstopdf)                    date: 2015-09-27 13:53:15
(epstopdf)                    size: 110783 bytes
(epstopdf)             Output file: <Chpt4_PhaseDetuningCorrecting/Chpt4_figure
s/Fig_1bNoise-eps-converted-to.pdf>
(epstopdf)                    date: 2015-11-22 15:34:55
(epstopdf)                    size: 22352 bytes
(epstopdf)             Command: <repstopdf --outfile=Chpt4_PhaseDetuningCorrect
ing/Chpt4_figures/Fig_1bNoise-eps-converted-to.pdf Chpt4_PhaseDetuningCorrectin
g/Chpt4_figures/Fig_1bNoise.eps>
(epstopdf)             \includegraphics on input line 121.
Package epstopdf Info: Output file is already uptodate.

<Chpt4_PhaseDetuningCorrecting/Chpt4_figures/Fig_1bNoise-eps-converted-to.pdf, 
id=218, 259.97125pt x 216.81pt>
File: Chpt4_PhaseDetuningCorrecting/Chpt4_figures/Fig_1bNoise-eps-converted-to.
pdf Graphic file (type pdf)

<use Chpt4_PhaseDetuningCorrecting/Chpt4_figures/Fig_1bNoise-eps-converted-to.p
df>
Package pdftex.def Info: Chpt4_PhaseDetuningCorrecting/Chpt4_figures/Fig_1bNois
e-eps-converted-to.pdf used on input line 121.
(pdftex.def)             Requested size: 194.97795pt x 162.60709pt.
 [42]
Package epstopdf Info: Source file: <Chpt4_PhaseDetuningCorrecting/Chpt4_figure
s/2D_error.eps>
(epstopdf)                    date: 2015-09-27 13:53:15
(epstopdf)                    size: 27678 bytes
(epstopdf)             Output file: <Chpt4_PhaseDetuningCorrecting/Chpt4_figure
s/2D_error-eps-converted-to.pdf>
(epstopdf)                    date: 2015-10-09 11:31:04
(epstopdf)                    size: 7298 bytes
(epstopdf)             Command: <repstopdf --outfile=Chpt4_PhaseDetuningCorrect
ing/Chpt4_figures/2D_error-eps-converted-to.pdf Chpt4_PhaseDetuningCorrecting/C
hpt4_figures/2D_error.eps>
(epstopdf)             \includegraphics on input line 133.
Package epstopdf Info: Output file is already uptodate.

<Chpt4_PhaseDetuningCorrecting/Chpt4_figures/2D_error-eps-converted-to.pdf, id=
222, 297.11pt x 252.945pt>
File: Chpt4_PhaseDetuningCorrecting/Chpt4_figures/2D_error-eps-converted-to.pdf
 Graphic file (type pdf)

<use Chpt4_PhaseDetuningCorrecting/Chpt4_figures/2D_error-eps-converted-to.pdf>
Package pdftex.def Info: Chpt4_PhaseDetuningCorrecting/Chpt4_figures/2D_error-e
ps-converted-to.pdf used on input line 133.
(pdftex.def)             Requested size: 222.83194pt x 189.70828pt.

Overfull \hbox (33.61787pt too wide) in paragraph at lines 144--144
[]\OT1/cmr/bx/n/17.28 Phase De-tun-ing Cor-rect-ing Method (PDCM) 
 []

[43 <./Chpt4_PhaseDetuningCorrecting/Chpt4_figures/Fig_1aNoise-eps-converted-to
.pdf> <./Chpt4_PhaseDetuningCorrecting/Chpt4_figures/Fig_1bNoise-eps-converted-
to.pdf>] [44 <./Chpt4_PhaseDetuningCorrecting/Chpt4_figures/2D_error-eps-conver
ted-to.pdf>]

LaTeX Warning: Reference `Eq:explicit_u' on page 45 undefined on input line 187
.


LaTeX Warning: Reference `Eq:explicit_v' on page 45 undefined on input line 187
.

Package epstopdf Info: Source file: <Chpt4_PhaseDetuningCorrecting/Chpt4_figure
s/FaseError_Ideal_3D.eps>
(epstopdf)                    date: 2015-09-27 13:53:15
(epstopdf)                    size: 431322 bytes
(epstopdf)             Output file: <Chpt4_PhaseDetuningCorrecting/Chpt4_figure
s/FaseError_Ideal_3D-eps-converted-to.pdf>
(epstopdf)                    date: 2015-10-09 11:31:04
(epstopdf)                    size: 49870 bytes
(epstopdf)             Command: <repstopdf --outfile=Chpt4_PhaseDetuningCorrect
ing/Chpt4_figures/FaseError_Ideal_3D-eps-converted-to.pdf Chpt4_PhaseDetuningCo
rrecting/Chpt4_figures/FaseError_Ideal_3D.eps>
(epstopdf)             \includegraphics on input line 212.
Package epstopdf Info: Output file is already uptodate.

<Chpt4_PhaseDetuningCorrecting/Chpt4_figures/FaseError_Ideal_3D-eps-converted-t
o.pdf, id=243, 504.88625pt x 266.9975pt>
File: Chpt4_PhaseDetuningCorrecting/Chpt4_figures/FaseError_Ideal_3D-eps-conver
ted-to.pdf Graphic file (type pdf)

<use Chpt4_PhaseDetuningCorrecting/Chpt4_figures/FaseError_Ideal_3D-eps-convert
ed-to.pdf>
Package pdftex.def Info: Chpt4_PhaseDetuningCorrecting/Chpt4_figures/FaseError_
Ideal_3D-eps-converted-to.pdf used on input line 212.
(pdftex.def)             Requested size: 183.30048pt x 96.93382pt.
Package epstopdf Info: Source file: <Chpt4_PhaseDetuningCorrecting/Chpt4_figure
s/Fase_Ideal_3D.eps>
(epstopdf)                    date: 2015-09-27 13:53:15
(epstopdf)                    size: 815258 bytes
(epstopdf)             Output file: <Chpt4_PhaseDetuningCorrecting/Chpt4_figure
s/Fase_Ideal_3D-eps-converted-to.pdf>
(epstopdf)                    date: 2015-10-09 11:31:04
(epstopdf)                    size: 45443 bytes
(epstopdf)             Command: <repstopdf --outfile=Chpt4_PhaseDetuningCorrect
ing/Chpt4_figures/Fase_Ideal_3D-eps-converted-to.pdf Chpt4_PhaseDetuningCorrect
ing/Chpt4_figures/Fase_Ideal_3D.eps>
(epstopdf)             \includegraphics on input line 213.
Package epstopdf Info: Output file is already uptodate.

<Chpt4_PhaseDetuningCorrecting/Chpt4_figures/Fase_Ideal_3D-eps-converted-to.pdf
, id=244, 505.89pt x 270.00874pt>
File: Chpt4_PhaseDetuningCorrecting/Chpt4_figures/Fase_Ideal_3D-eps-converted-t
o.pdf Graphic file (type pdf)

<use Chpt4_PhaseDetuningCorrecting/Chpt4_figures/Fase_Ideal_3D-eps-converted-to
.pdf>
Package pdftex.def Info: Chpt4_PhaseDetuningCorrecting/Chpt4_figures/Fase_Ideal
_3D-eps-converted-to.pdf used on input line 213.
(pdftex.def)             Requested size: 183.30048pt x 97.83342pt.

Overfull \hbox (0.60095pt too wide) in paragraph at lines 210--216
 [] 
 []

[45 <./Chpt4_PhaseDetuningCorrecting/Chpt4_figures/FaseError_Ideal_3D-eps-conve
rted-to.pdf> <./Chpt4_PhaseDetuningCorrecting/Chpt4_figures/Fase_Ideal_3D-eps-c
onverted-to.pdf>]

LaTeX Warning: Reference `Eq:ExplicitGradient' on page 46 undefined on input li
ne 238.


LaTeX Warning: Reference `Eq:explicit_u' on page 46 undefined on input line 256
.


LaTeX Warning: Reference `Eq:explicit_v' on page 46 undefined on input line 256
.


LaTeX Warning: Reference `Eq:dx' on page 46 undefined on input line 269.


LaTeX Warning: Reference `Eq:dy' on page 46 undefined on input line 269.

Package epstopdf Info: Source file: <Chpt4_PhaseDetuningCorrecting/Chpt4_figure
s/fig_E1.eps>
(epstopdf)                    date: 2015-05-20 16:02:04
(epstopdf)                    size: 488452 bytes
(epstopdf)             Output file: <Chpt4_PhaseDetuningCorrecting/Chpt4_figure
s/fig_E1-eps-converted-to.pdf>
(epstopdf)                    date: 2015-10-09 11:31:04
(epstopdf)                    size: 36347 bytes
(epstopdf)             Command: <repstopdf --outfile=Chpt4_PhaseDetuningCorrect
ing/Chpt4_figures/fig_E1-eps-converted-to.pdf Chpt4_PhaseDetuningCorrecting/Chp
t4_figures/fig_E1.eps>
(epstopdf)             \includegraphics on input line 312.
Package epstopdf Info: Output file is already uptodate.

<Chpt4_PhaseDetuningCorrecting/Chpt4_figures/fig_E1-eps-converted-to.pdf, id=25
4, 362.35374pt x 362.35374pt>
File: Chpt4_PhaseDetuningCorrecting/Chpt4_figures/fig_E1-eps-converted-to.pdf G
raphic file (type pdf)

<use Chpt4_PhaseDetuningCorrecting/Chpt4_figures/fig_E1-eps-converted-to.pdf>
Package pdftex.def Info: Chpt4_PhaseDetuningCorrecting/Chpt4_figures/fig_E1-eps
-converted-to.pdf used on input line 312.
(pdftex.def)             Requested size: 155.80907pt x 155.80907pt.
Package epstopdf Info: Source file: <Chpt4_PhaseDetuningCorrecting/Chpt4_figure
s/fig_E2.eps>
(epstopdf)                    date: 2015-09-27 13:53:15
(epstopdf)                    size: 506755 bytes
(epstopdf)             Output file: <Chpt4_PhaseDetuningCorrecting/Chpt4_figure
s/fig_E2-eps-converted-to.pdf>
(epstopdf)                    date: 2015-10-09 11:31:04
(epstopdf)                    size: 0 bytes
(epstopdf)             Command: <repstopdf --outfile=Chpt4_PhaseDetuningCorrect
ing/Chpt4_figures/fig_E2-eps-converted-to.pdf Chpt4_PhaseDetuningCorrecting/Chp
t4_figures/fig_E2.eps>
(epstopdf)             \includegraphics on input line 313.
Package epstopdf Info: Output file is already uptodate.

!pdfTeX error: pdflatex (file ./Chpt4_PhaseDetuningCorrecting/Chpt4_figures/fig
_E2-eps-converted-to.pdf): reading image file failed
 ==> Fatal error occurred, no output PDF file produced!
